{
  "RSpec": {
    "coverage": {
      "/Users/jgorset/code/ruby/tasuku/spec/support/fixture.rb": [
        1,
        4,
        null
      ],
      "/Users/jgorset/code/ruby/tasuku/spec/support/shared_examples_for_redirectable.rb": [
        1,
        8,
        16,
        null,
        16,
        null,
        4,
        4,
        4,
        null,
        null,
        4,
        4,
        4,
        null,
        null,
        null,
        4,
        4,
        4,
        4,
        4,
        null,
        null,
        null,
        4,
        8,
        null,
        8,
        null,
        4,
        4,
        4,
        null,
        null,
        null,
        null
      ],
      "/Users/jgorset/code/ruby/tasuku/spec/support/trackable_submission_spec.rb": [
        1,
        null,
        1,
        0,
        0,
        0,
        null,
        null,
        0,
        0,
        0,
        null,
        null,
        null
      ],
      "/Users/jgorset/code/ruby/tasuku/spec/dummy/spec/factories/articles.rb": [
        null,
        null,
        1,
        1,
        null,
        null
      ],
      "/Users/jgorset/code/ruby/tasuku/spec/dummy/spec/factories/users.rb": [
        null,
        null,
        1,
        1,
        null,
        null
      ],
      "/Users/jgorset/code/ruby/tasuku/app/models/tasuku/taskables.rb": [
        1,
        1,
        1,
        2,
        null,
        null,
        null
      ],
      "/Users/jgorset/code/ruby/tasuku/app/models/tasuku/taskables/image.rb": [
        1,
        1,
        1,
        2,
        null,
        null,
        null
      ],
      "/Users/jgorset/code/ruby/tasuku/app/controllers/tasuku/taskables/image/responses_controller.rb": [
        1,
        null,
        1,
        1,
        1,
        null,
        1,
        null,
        1,
        4,
        4,
        null,
        4,
        4,
        8,
        null,
        0,
        null,
        null,
        null,
        null,
        1,
        null,
        1,
        4,
        null,
        null,
        1,
        4,
        null,
        null,
        null
      ],
      "/Users/jgorset/code/ruby/tasuku/app/controllers/tasuku/application_controller.rb": [
        1,
        1,
        1,
        null,
        1,
        8,
        0,
        null,
        null,
        null,
        null,
        null,
        null
      ],
      "/Users/jgorset/code/ruby/tasuku/spec/dummy/app/controllers/application_controller.rb": [
        1,
        null,
        null,
        1,
        null,
        1,
        null
      ],
      "/Users/jgorset/code/ruby/tasuku/app/helpers/tasuku/application_helper.rb": [
        1,
        1,
        1,
        0,
        null,
        null,
        null
      ],
      "/Users/jgorset/code/ruby/tasuku/spec/controllers/tasuku/taskables/questions/answers_controller_spec.rb": [
        1,
        null,
        1,
        1,
        6,
        null,
        1,
        1,
        1,
        null,
        null,
        null,
        null,
        null,
        null,
        1,
        5,
        5,
        5,
        5,
        null,
        5,
        5,
        null,
        1,
        4,
        4,
        null,
        null,
        1,
        1,
        null,
        1,
        null,
        null,
        null,
        null,
        null,
        null
      ],
      "/Users/jgorset/code/ruby/tasuku/app/controllers/tasuku/taskables/questions/answers_controller.rb": [
        1,
        null,
        1,
        1,
        1,
        null,
        1,
        null,
        1,
        4,
        null,
        4,
        4,
        null,
        null,
        4,
        null,
        4,
        4,
        8,
        null,
        0,
        null,
        null,
        null,
        null,
        1,
        null,
        1,
        4,
        null,
        null,
        1,
        4,
        null,
        null,
        null
      ],
      "/Users/jgorset/code/ruby/tasuku/spec/controllers/tasuku/taskables/text/responses_controller_spec.rb": [
        1,
        null,
        1,
        1,
        6,
        null,
        1,
        1,
        1,
        null,
        null,
        null,
        null,
        null,
        null,
        1,
        5,
        5,
        5,
        null,
        5,
        5,
        null,
        1,
        4,
        4,
        null,
        null,
        1,
        1,
        null,
        1,
        null,
        null,
        null,
        null,
        null
      ],
      "/Users/jgorset/code/ruby/tasuku/app/models/tasuku/taskables/text.rb": [
        1,
        1,
        1,
        2,
        null,
        null,
        null
      ],
      "/Users/jgorset/code/ruby/tasuku/app/controllers/tasuku/taskables/text/responses_controller.rb": [
        1,
        null,
        1,
        1,
        1,
        null,
        1,
        null,
        1,
        4,
        4,
        null,
        4,
        4,
        8,
        null,
        0,
        null,
        null,
        null,
        null,
        1,
        null,
        1,
        4,
        null,
        null,
        1,
        4,
        null,
        null,
        null
      ],
      "/Users/jgorset/code/ruby/tasuku/spec/controllers/tasuku/taskables/verifications/confirmations_controller_spec.rb": [
        1,
        null,
        1,
        1,
        6,
        null,
        1,
        1,
        1,
        null,
        null,
        null,
        null,
        null,
        null,
        1,
        5,
        5,
        5,
        null,
        5,
        5,
        null,
        1,
        4,
        4,
        null,
        null,
        1,
        1,
        null,
        1,
        null,
        null,
        null,
        null,
        null,
        null
      ],
      "/Users/jgorset/code/ruby/tasuku/app/controllers/tasuku/taskables/verifications/confirmations_controller.rb": [
        1,
        null,
        1,
        1,
        1,
        null,
        1,
        null,
        1,
        4,
        4,
        null,
        4,
        4,
        8,
        null,
        0,
        null,
        null,
        null,
        null,
        1,
        null,
        1,
        4,
        null,
        null,
        null
      ],
      "/Users/jgorset/code/ruby/tasuku/spec/controllers/tasuku/tasks_controller_spec.rb": [
        1,
        null,
        1,
        1,
        2,
        null,
        1,
        2,
        null,
        1,
        1,
        null,
        1,
        null,
        null,
        null,
        null
      ],
      "/Users/jgorset/code/ruby/tasuku/app/controllers/tasuku/tasks_controller.rb": [
        1,
        null,
        1,
        1,
        1,
        null,
        null
      ],
      "/Users/jgorset/code/ruby/tasuku/spec/dummy/spec/models/article_spec.rb": [
        1,
        null,
        1,
        null
      ],
      "/Users/jgorset/code/ruby/tasuku/spec/dummy/app/models/article.rb": [
        1,
        1,
        null
      ],
      "/Users/jgorset/code/ruby/tasuku/spec/dummy/spec/models/user_spec.rb": [
        1,
        null,
        1,
        null
      ],
      "/Users/jgorset/code/ruby/tasuku/spec/dummy/app/models/user.rb": [
        1,
        null
      ],
      "/Users/jgorset/code/ruby/tasuku/spec/helpers/tasuku/taskables/verifications_helper_spec.rb": [
        1,
        null,
        1,
        1,
        1,
        1,
        2,
        null,
        1,
        1,
        null,
        null,
        null,
        null,
        null,
        1,
        null,
        null,
        null,
        null
      ],
      "/Users/jgorset/code/ruby/tasuku/app/helpers/tasuku/taskables/verifications_helper.rb": [
        1,
        1,
        null,
        null,
        null,
        null,
        null,
        null,
        null,
        null,
        null,
        1,
        1,
        null,
        null,
        null,
        null,
        null
      ],
      "/Users/jgorset/code/ruby/tasuku/spec/lib/generators/views_generators_spec.rb": [
        1,
        1,
        1,
        null,
        1,
        1,
        1,
        null,
        1,
        1,
        1,
        null,
        null,
        1,
        1,
        1,
        null,
        1,
        1,
        1,
        null,
        null
      ],
      "/Users/jgorset/code/ruby/tasuku/lib/generators/tasuku/views/views_generator.rb": [
        1,
        1,
        null,
        1,
        null,
        1,
        1,
        null,
        null
      ],
      "/Users/jgorset/code/ruby/tasuku/spec/lib/tasuku/concerns/verifiable_spec.rb": [
        1,
        null,
        1,
        1,
        4,
        4,
        4,
        4,
        4,
        null,
        1,
        1,
        null,
        null,
        1,
        1,
        null,
        null,
        1,
        1,
        null,
        null,
        null
      ],
      "/Users/jgorset/code/ruby/tasuku/spec/models/tasuku/task_spec.rb": [
        1,
        null,
        1,
        1,
        1,
        2,
        2,
        1,
        1,
        null,
        null,
        1,
        1,
        null,
        null,
        null,
        null
      ],
      "/Users/jgorset/code/ruby/tasuku/app/models/tasuku/task.rb": [
        1,
        1,
        1,
        null,
        null
      ],
      "/Users/jgorset/code/ruby/tasuku/spec/models/tasuku/taskables/image/request_spec.rb": [
        1,
        null,
        1,
        1,
        null,
        null
      ],
      "/Users/jgorset/code/ruby/tasuku/app/models/tasuku/taskables/image/request.rb": [
        1,
        1,
        1,
        1,
        null,
        null,
        null
      ],
      "/Users/jgorset/code/ruby/tasuku/app/models/tasuku/taskables/taskable.rb": [
        1,
        1,
        1,
        null,
        null,
        null,
        null,
        null,
        null,
        1,
        10,
        null,
        null,
        1,
        6,
        null,
        null,
        1,
        null,
        null,
        null,
        null,
        null,
        null,
        null,
        1,
        6,
        null,
        null,
        null,
        null
      ],
      "/Users/jgorset/code/ruby/tasuku/app/uploaders/tasuku/image_uploader.rb": [
        null,
        null,
        1,
        null,
        null,
        null,
        1,
        null,
        null,
        null,
        null,
        null,
        null,
        null,
        1,
        10,
        null,
        null,
        null,
        null,
        null,
        null,
        null,
        null,
        null,
        null,
        null,
        1,
        1,
        null,
        1,
        0,
        0,
        null,
        null,
        null,
        null,
        null,
        null,
        null,
        null,
        null,
        null,
        null,
        null,
        null,
        null,
        null,
        null,
        null,
        null,
        null,
        null,
        null,
        null,
        null,
        null,
        null
      ],
      "/Users/jgorset/code/ruby/tasuku/spec/models/tasuku/taskables/image/response_spec.rb": [
        1,
        null,
        1,
        1,
        3,
        3,
        null,
        1,
        3,
        1,
        2,
        null,
        null,
        null,
        null
      ],
      "/Users/jgorset/code/ruby/tasuku/app/models/tasuku/taskables/image/response.rb": [
        1,
        1,
        1,
        1,
        null,
        1,
        null,
        1,
        1,
        null,
        1,
        1,
        null,
        1,
        null,
        null,
        null
      ],
      "/Users/jgorset/code/ruby/tasuku/app/models/tasuku/taskables/taskable/submission.rb": [
        1,
        1,
        1,
        null,
        1,
        6,
        null,
        6,
        36,
        10,
        10,
        10,
        10,
        null,
        null,
        null,
        null,
        6,
        null,
        null,
        null,
        3,
        null,
        null,
        null,
        1,
        null,
        null,
        null,
        null,
        null,
        null,
        null,
        1,
        6,
        null,
        null,
        null,
        null
      ],
      "/Users/jgorset/code/ruby/tasuku/spec/models/tasuku/taskables/question/answer_spec.rb": [
        1,
        null,
        1,
        1,
        8,
        null,
        1,
        2,
        2,
        null,
        1,
        1,
        null,
        null,
        null,
        1,
        1,
        3,
        3,
        3,
        null,
        1,
        1,
        null,
        null,
        1,
        1,
        null,
        null,
        null,
        1,
        3,
        3,
        null,
        1,
        1,
        null,
        null,
        1,
        1,
        null,
        null,
        null,
        null,
        1,
        6,
        6,
        4,
        null,
        1,
        1,
        1,
        1,
        1,
        1,
        null,
        null,
        1,
        1,
        1,
        1,
        null,
        null,
        1,
        1,
        1,
        1,
        1,
        null,
        1,
        1,
        1,
        1,
        null,
        null,
        1,
        1,
        1,
        1,
        null,
        null,
        null,
        null,
        1,
        3,
        1,
        2,
        null,
        null,
        null,
        null
      ],
      "/Users/jgorset/code/ruby/tasuku/app/models/tasuku/taskables/question.rb": [
        1,
        1,
        1,
        1,
        null,
        null,
        null
      ],
      "/Users/jgorset/code/ruby/tasuku/app/models/tasuku/taskables/question/answer.rb": [
        1,
        1,
        1,
        1,
        null,
        1,
        1,
        null,
        1,
        1,
        1,
        1,
        null,
        1,
        94,
        null,
        null,
        1,
        null,
        1,
        13,
        null,
        null,
        1,
        null,
        1,
        19,
        null,
        null,
        1,
        19,
        null,
        null,
        null,
        null
      ],
      "/Users/jgorset/code/ruby/tasuku/spec/models/tasuku/taskables/question/option_spec.rb": [
        1,
        null,
        1,
        1,
        null,
        null
      ],
      "/Users/jgorset/code/ruby/tasuku/app/models/tasuku/taskables/question/option.rb": [
        1,
        1,
        1,
        1,
        1,
        null,
        1,
        null,
        null
      ],
      "/Users/jgorset/code/ruby/tasuku/spec/models/tasuku/taskables/question/vote_spec.rb": [
        1,
        null,
        1,
        1,
        null,
        null
      ],
      "/Users/jgorset/code/ruby/tasuku/app/models/tasuku/taskables/question/vote.rb": [
        1,
        1,
        1,
        1,
        null,
        null
      ],
      "/Users/jgorset/code/ruby/tasuku/spec/models/tasuku/taskables/question_spec.rb": [
        1,
        null,
        1,
        1,
        2,
        2,
        2,
        null,
        1,
        2,
        2,
        null,
        1,
        1,
        null,
        null,
        null,
        null
      ],
      "/Users/jgorset/code/ruby/tasuku/spec/models/tasuku/taskables/taskable/submission_spec.rb": [
        1,
        null,
        1,
        1,
        1,
        null,
        null,
        null,
        1,
        1,
        null,
        null,
        1,
        null,
        1,
        1,
        null,
        null,
        1,
        null,
        null,
        1,
        null,
        1,
        1,
        null,
        null,
        null,
        null,
        null
      ],
      "/Users/jgorset/code/ruby/tasuku/spec/models/tasuku/taskables/taskable_spec.rb": [
        1,
        null,
        1,
        1,
        1,
        null,
        null,
        null,
        1,
        1,
        null,
        null,
        1,
        null,
        1,
        1,
        null,
        null,
        1,
        null,
        null,
        1,
        null,
        1,
        1,
        null,
        null,
        null,
        null,
        1,
        3,
        3,
        null,
        1,
        1,
        1,
        null,
        null,
        null,
        1,
        2,
        null,
        1,
        1,
        null,
        null,
        null,
        null,
        null
      ],
      "/Users/jgorset/code/ruby/tasuku/spec/models/tasuku/taskables/text/request_spec.rb": [
        1,
        null,
        1,
        1,
        null,
        null
      ],
      "/Users/jgorset/code/ruby/tasuku/app/models/tasuku/taskables/text/request.rb": [
        1,
        1,
        1,
        1,
        null,
        null,
        null
      ],
      "/Users/jgorset/code/ruby/tasuku/spec/models/tasuku/taskables/text/response_spec.rb": [
        1,
        null,
        1,
        1,
        3,
        null,
        1,
        3,
        1,
        2,
        null,
        null,
        null,
        null
      ],
      "/Users/jgorset/code/ruby/tasuku/app/models/tasuku/taskables/text/response.rb": [
        1,
        1,
        1,
        1,
        null,
        1,
        1,
        null,
        1,
        1,
        null,
        1,
        null,
        null,
        null
      ],
      "/Users/jgorset/code/ruby/tasuku/spec/models/tasuku/taskables/url/request_spec.rb": [
        1,
        null,
        1,
        1,
        null,
        null
      ],
      "/Users/jgorset/code/ruby/tasuku/app/models/tasuku/taskables/url.rb": [
        1,
        1,
        1,
        2,
        null,
        null,
        null
      ],
      "/Users/jgorset/code/ruby/tasuku/app/models/tasuku/taskables/url/request.rb": [
        1,
        1,
        1,
        null,
        null
      ],
      "/Users/jgorset/code/ruby/tasuku/spec/models/tasuku/taskables/url/response_spec.rb": [
        1,
        null,
        1,
        1,
        null,
        null
      ],
      "/Users/jgorset/code/ruby/tasuku/app/models/tasuku/taskables/url/response.rb": [
        1,
        1,
        1,
        1,
        1,
        null,
        1,
        null,
        1,
        1,
        null,
        1,
        1,
        null,
        1,
        null,
        null,
        null
      ],
      "/Users/jgorset/code/ruby/tasuku/spec/models/tasuku/taskables/verification/confirmation_spec.rb": [
        1,
        null,
        1,
        1,
        null,
        null
      ],
      "/Users/jgorset/code/ruby/tasuku/app/models/tasuku/taskables/verification.rb": [
        1,
        1,
        1,
        1,
        null,
        null,
        null
      ],
      "/Users/jgorset/code/ruby/tasuku/app/models/tasuku/taskables/verification/confirmation.rb": [
        1,
        1,
        1,
        1,
        null,
        1,
        1,
        null,
        1,
        null,
        null,
        null
      ],
      "/Users/jgorset/code/ruby/tasuku/spec/models/tasuku/taskables/verification_spec.rb": [
        1,
        null,
        1,
        1,
        1,
        2,
        2,
        null,
        1,
        1,
        null,
        null,
        1,
        1,
        null,
        null,
        null,
        null
      ],
      "/Users/jgorset/code/ruby/tasuku/spec/views/tasuku/taskables/image/requests/_request.html.erb_spec.rb": [
        1,
        null,
        1,
        3,
        null,
        1,
        2,
        null,
        1,
        1,
        null,
        null,
        null,
        null,
        null,
        1,
        1,
        null,
        null,
        null,
        1,
        2,
        null,
        1,
        1,
        null,
        null,
        null,
        null,
        null,
        1,
        1,
        null,
        null,
        null
      ],
      "/Users/jgorset/code/ruby/tasuku/spec/views/tasuku/taskables/image/responses/create.html.erb_spec.rb": [
        1,
        null,
        1,
        null
      ],
      "/Users/jgorset/code/ruby/tasuku/spec/views/tasuku/taskables/questions/_question.html.erb_spec.rb": [
        1,
        null,
        1,
        3,
        null,
        1,
        2,
        null,
        1,
        1,
        null,
        null,
        null,
        null,
        null,
        1,
        1,
        null,
        null,
        null,
        1,
        2,
        null,
        1,
        1,
        null,
        null,
        null,
        null,
        null,
        1,
        1,
        null,
        null,
        null
      ],
      "/Users/jgorset/code/ruby/tasuku/spec/views/tasuku/taskables/questions/answers/_form.html.erb_spec.rb": [
        1,
        null,
        1,
        1,
        2,
        null,
        1,
        1,
        null,
        null,
        null,
        null,
        1,
        1,
        3,
        null,
        null,
        null
      ],
      "/Users/jgorset/code/ruby/tasuku/spec/views/tasuku/taskables/text/requests/_request.html.erb_spec.rb": [
        1,
        null,
        1,
        3,
        null,
        1,
        2,
        null,
        1,
        1,
        null,
        null,
        null,
        null,
        null,
        1,
        1,
        null,
        null,
        null,
        1,
        2,
        null,
        1,
        1,
        null,
        null,
        null,
        null,
        null,
        1,
        1,
        null,
        null,
        null
      ],
      "/Users/jgorset/code/ruby/tasuku/spec/views/tasuku/taskables/url/requests/_request.html.erb_spec.rb": [
        1,
        null,
        1,
        3,
        null,
        1,
        2,
        null,
        1,
        1,
        null,
        null,
        null,
        null,
        null,
        1,
        1,
        null,
        null,
        null,
        1,
        2,
        null,
        1,
        1,
        null,
        null,
        null,
        null,
        null,
        1,
        1,
        null,
        null,
        null
      ],
      "/Users/jgorset/code/ruby/tasuku/spec/views/tasuku/taskables/verifications/confirmations/_form.html.erb_spec.rb": [
        1,
        null,
        1,
        1,
        1,
        1,
        1,
        null,
        1,
        0,
        null,
        0,
        null,
        null,
        null,
        null,
        null
      ],
      "/Users/jgorset/code/ruby/tasuku/spec/views/tasuku/tasks/show.html.erb_spec.rb": [
        1,
        null,
        1,
        null
      ],
      "/Users/jgorset/code/ruby/tasuku/app/models/tasuku/taskables/taskable/response.rb": [
        1,
        1,
        1,
        null,
        1,
        1,
        1,
        null,
        null
      ]
    },
    "timestamp": 1403247382
  }
}
